2020-01-05 20:44:01.975  INFO 8468 --- [main] com.example.pdf.PdfApplication           : Starting PdfApplication on DESKTOP-0SHPK8A with PID 8468 (D:\lishihao\target\classes started by zhangrenjie in D:\lishihao)
2020-01-05 20:44:01.987  INFO 8468 --- [main] com.example.pdf.PdfApplication           : No active profile set, falling back to default profiles: default
2020-01-05 20:44:03.074  WARN 8468 --- [main] o.m.s.mapper.ClassPathMapperScanner      : Skipping MapperFactoryBean with name 'pdfUserMapper' and 'com.example.pdf.mapper.PdfUserMapper' mapperInterface. Bean already defined with the same name!
2020-01-05 20:44:03.075  WARN 8468 --- [main] o.m.s.mapper.ClassPathMapperScanner      : No MyBatis mapper was found in '[com.example.pdf.mapper]' package. Please check your configuration.
2020-01-05 20:44:03.547  INFO 8468 --- [main] trationDelegate$BeanPostProcessorChecker : Bean 'org.springframework.transaction.annotation.ProxyTransactionManagementConfiguration' of type [org.springframework.transaction.annotation.ProxyTransactionManagementConfiguration] is not eligible for getting processed by all BeanPostProcessors (for example: not eligible for auto-proxying)
2020-01-05 20:44:03.877  INFO 8468 --- [main] o.s.b.w.embedded.tomcat.TomcatWebServer  : Tomcat initialized with port(s): 7081 (http)
2020-01-05 20:44:03.890  INFO 8468 --- [main] o.apache.catalina.core.StandardService   : Starting service [Tomcat]
2020-01-05 20:44:03.891  INFO 8468 --- [main] org.apache.catalina.core.StandardEngine  : Starting Servlet engine: [Apache Tomcat/9.0.27]
2020-01-05 20:44:04.037  INFO 8468 --- [main] o.a.c.c.C.[Tomcat].[localhost].[/]       : Initializing Spring embedded WebApplicationContext
2020-01-05 20:44:04.037  INFO 8468 --- [main] o.s.web.context.ContextLoader            : Root WebApplicationContext: initialization completed in 1941 ms
2020-01-05 20:44:04.415  INFO 8468 --- [main] com.zaxxer.hikari.HikariDataSource       : HikariPool-1 - Starting...
2020-01-05 20:44:04.591  INFO 8468 --- [main] com.zaxxer.hikari.HikariDataSource       : HikariPool-1 - Start completed.
2020-01-05 20:44:05.253  INFO 8468 --- [main] pertySourcedRequestMappingHandlerMapping : Mapped URL path [/v2/api-docs] onto method [springfox.documentation.swagger2.web.Swagger2Controller#getDocumentation(String, HttpServletRequest)]
2020-01-05 20:44:05.347  INFO 8468 --- [main] o.s.s.concurrent.ThreadPoolTaskExecutor  : Initializing ExecutorService 'applicationTaskExecutor'
2020-01-05 20:44:05.581  INFO 8468 --- [main] org.quartz.impl.StdSchedulerFactory      : Using default implementation for ThreadExecutor
2020-01-05 20:44:05.596  INFO 8468 --- [main] org.quartz.core.SchedulerSignalerImpl    : Initialized Scheduler Signaller of type: class org.quartz.core.SchedulerSignalerImpl
2020-01-05 20:44:05.596  INFO 8468 --- [main] org.quartz.core.QuartzScheduler          : Quartz Scheduler v.2.3.2 created.
2020-01-05 20:44:05.597  INFO 8468 --- [main] org.quartz.simpl.RAMJobStore             : RAMJobStore initialized.
2020-01-05 20:44:05.598  INFO 8468 --- [main] org.quartz.core.QuartzScheduler          : Scheduler meta-data: Quartz Scheduler (v2.3.2) 'quartzScheduler' with instanceId 'NON_CLUSTERED'
  Scheduler class: 'org.quartz.core.QuartzScheduler' - running locally.
  NOT STARTED.
  Currently in standby mode.
  Number of jobs executed: 0
  Using thread pool 'org.quartz.simpl.SimpleThreadPool' - with 10 threads.
  Using job-store 'org.quartz.simpl.RAMJobStore' - which does not support persistence. and is not clustered.

2020-01-05 20:44:05.599  INFO 8468 --- [main] org.quartz.impl.StdSchedulerFactory      : Quartz scheduler 'quartzScheduler' initialized from an externally provided properties instance.
2020-01-05 20:44:05.599  INFO 8468 --- [main] org.quartz.impl.StdSchedulerFactory      : Quartz scheduler version: 2.3.2
2020-01-05 20:44:05.599  INFO 8468 --- [main] org.quartz.core.QuartzScheduler          : JobFactory set to: org.springframework.scheduling.quartz.SpringBeanJobFactory@5be51aa
2020-01-05 20:44:05.647  INFO 8468 --- [main] d.s.w.p.DocumentationPluginsBootstrapper : Context refreshed
2020-01-05 20:44:05.671  INFO 8468 --- [main] d.s.w.p.DocumentationPluginsBootstrapper : Found 1 custom documentation plugin(s)
2020-01-05 20:44:05.710  INFO 8468 --- [main] s.d.s.w.s.ApiListingReferenceScanner     : Scanning for api listing references
2020-01-05 20:44:05.863  INFO 8468 --- [main] o.s.s.quartz.SchedulerFactoryBean        : Starting Quartz Scheduler now
2020-01-05 20:44:05.864  INFO 8468 --- [main] org.quartz.core.QuartzScheduler          : Scheduler quartzScheduler_$_NON_CLUSTERED started.
2020-01-05 20:44:05.918  INFO 8468 --- [main] o.s.b.w.embedded.tomcat.TomcatWebServer  : Tomcat started on port(s): 7081 (http) with context path ''
2020-01-05 20:44:05.923  INFO 8468 --- [main] com.example.pdf.PdfApplication           : Started PdfApplication in 5.153 seconds (JVM running for 12.169)
2020-01-05 20:44:05.926  INFO 8468 --- [main] com.example.pdf.PdfApplication           : PdfApplication started
2020-01-05 20:44:18.900  INFO 8468 --- [http-nio-7081-exec-1] o.a.c.c.C.[Tomcat].[localhost].[/]       : Initializing Spring DispatcherServlet 'dispatcherServlet'
2020-01-05 20:44:18.901  INFO 8468 --- [http-nio-7081-exec-1] o.s.web.servlet.DispatcherServlet        : Initializing Servlet 'dispatcherServlet'
2020-01-05 20:44:18.911  INFO 8468 --- [http-nio-7081-exec-1] o.s.web.servlet.DispatcherServlet        : Completed initialization in 10 ms
2020-01-05 20:44:19.040  INFO 8468 --- [http-nio-7081-exec-2] com.example.pdf.utils.WebSocket          : 现在来连接id：0,编号：2
2020-01-05 20:44:19.040  INFO 8468 --- [http-nio-7081-exec-2] com.example.pdf.utils.WebSocket          : 有新连接加入！1
2020-01-05 20:46:54.261  INFO 8468 --- [http-nio-7081-exec-5] com.example.pdf.utils.WebSocket          : 现在来连接id：1,编号：2
2020-01-05 20:46:54.261  INFO 8468 --- [http-nio-7081-exec-5] com.example.pdf.utils.WebSocket          : 有新连接加入！2
2020-01-05 20:50:42.203  INFO 8468 --- [SpringContextShutdownHook] org.quartz.core.QuartzScheduler          : Scheduler quartzScheduler_$_NON_CLUSTERED paused.
2020-01-05 20:50:42.204  INFO 8468 --- [SpringContextShutdownHook] o.s.s.quartz.SchedulerFactoryBean        : Shutting down Quartz Scheduler
2020-01-05 20:50:42.205  INFO 8468 --- [SpringContextShutdownHook] org.quartz.core.QuartzScheduler          : Scheduler quartzScheduler_$_NON_CLUSTERED shutting down.
2020-01-05 20:50:42.206  INFO 8468 --- [SpringContextShutdownHook] org.quartz.core.QuartzScheduler          : Scheduler quartzScheduler_$_NON_CLUSTERED paused.
2020-01-05 20:50:42.207  INFO 8468 --- [SpringContextShutdownHook] org.quartz.core.QuartzScheduler          : Scheduler quartzScheduler_$_NON_CLUSTERED shutdown complete.
2020-01-05 20:50:42.208  INFO 8468 --- [SpringContextShutdownHook] o.s.s.concurrent.ThreadPoolTaskExecutor  : Shutting down ExecutorService 'applicationTaskExecutor'
2020-01-05 20:50:42.214  INFO 8468 --- [SpringContextShutdownHook] com.zaxxer.hikari.HikariDataSource       : HikariPool-1 - Shutdown initiated...
2020-01-05 20:50:42.225  INFO 8468 --- [SpringContextShutdownHook] com.zaxxer.hikari.HikariDataSource       : HikariPool-1 - Shutdown completed.
2020-01-05 20:50:42.848  INFO 8468 --- [SpringContextShutdownHook] com.example.pdf.utils.WebSocket          : 连接数量1
2020-01-05 20:50:42.848  INFO 8468 --- [SpringContextShutdownHook] com.example.pdf.utils.WebSocket          : 连接数量0
2020-01-05 20:50:49.948  INFO 6492 --- [main] com.example.pdf.PdfApplication           : Starting PdfApplication on DESKTOP-0SHPK8A with PID 6492 (D:\lishihao\target\classes started by zhangrenjie in D:\lishihao)
2020-01-05 20:50:49.952  INFO 6492 --- [main] com.example.pdf.PdfApplication           : No active profile set, falling back to default profiles: default
2020-01-05 20:50:51.059  WARN 6492 --- [main] o.m.s.mapper.ClassPathMapperScanner      : Skipping MapperFactoryBean with name 'pdfUserMapper' and 'com.example.pdf.mapper.PdfUserMapper' mapperInterface. Bean already defined with the same name!
2020-01-05 20:50:51.059  WARN 6492 --- [main] o.m.s.mapper.ClassPathMapperScanner      : No MyBatis mapper was found in '[com.example.pdf.mapper]' package. Please check your configuration.
2020-01-05 20:50:51.475  INFO 6492 --- [main] trationDelegate$BeanPostProcessorChecker : Bean 'org.springframework.transaction.annotation.ProxyTransactionManagementConfiguration' of type [org.springframework.transaction.annotation.ProxyTransactionManagementConfiguration] is not eligible for getting processed by all BeanPostProcessors (for example: not eligible for auto-proxying)
2020-01-05 20:50:51.766  INFO 6492 --- [main] o.s.b.w.embedded.tomcat.TomcatWebServer  : Tomcat initialized with port(s): 7081 (http)
2020-01-05 20:50:51.779  INFO 6492 --- [main] o.apache.catalina.core.StandardService   : Starting service [Tomcat]
2020-01-05 20:50:51.780  INFO 6492 --- [main] org.apache.catalina.core.StandardEngine  : Starting Servlet engine: [Apache Tomcat/9.0.27]
2020-01-05 20:50:51.920  INFO 6492 --- [main] o.a.c.c.C.[Tomcat].[localhost].[/]       : Initializing Spring embedded WebApplicationContext
2020-01-05 20:50:51.920  INFO 6492 --- [main] o.s.web.context.ContextLoader            : Root WebApplicationContext: initialization completed in 1892 ms
2020-01-05 20:50:52.163  INFO 6492 --- [main] com.zaxxer.hikari.HikariDataSource       : HikariPool-1 - Starting...
2020-01-05 20:50:52.296  INFO 6492 --- [main] com.zaxxer.hikari.HikariDataSource       : HikariPool-1 - Start completed.
2020-01-05 20:50:52.886  INFO 6492 --- [main] pertySourcedRequestMappingHandlerMapping : Mapped URL path [/v2/api-docs] onto method [springfox.documentation.swagger2.web.Swagger2Controller#getDocumentation(String, HttpServletRequest)]
2020-01-05 20:50:52.973  INFO 6492 --- [main] o.s.s.concurrent.ThreadPoolTaskExecutor  : Initializing ExecutorService 'applicationTaskExecutor'
2020-01-05 20:50:53.182  INFO 6492 --- [main] org.quartz.impl.StdSchedulerFactory      : Using default implementation for ThreadExecutor
2020-01-05 20:50:53.194  INFO 6492 --- [main] org.quartz.core.SchedulerSignalerImpl    : Initialized Scheduler Signaller of type: class org.quartz.core.SchedulerSignalerImpl
2020-01-05 20:50:53.194  INFO 6492 --- [main] org.quartz.core.QuartzScheduler          : Quartz Scheduler v.2.3.2 created.
2020-01-05 20:50:53.195  INFO 6492 --- [main] org.quartz.simpl.RAMJobStore             : RAMJobStore initialized.
2020-01-05 20:50:53.196  INFO 6492 --- [main] org.quartz.core.QuartzScheduler          : Scheduler meta-data: Quartz Scheduler (v2.3.2) 'quartzScheduler' with instanceId 'NON_CLUSTERED'
  Scheduler class: 'org.quartz.core.QuartzScheduler' - running locally.
  NOT STARTED.
  Currently in standby mode.
  Number of jobs executed: 0
  Using thread pool 'org.quartz.simpl.SimpleThreadPool' - with 10 threads.
  Using job-store 'org.quartz.simpl.RAMJobStore' - which does not support persistence. and is not clustered.

2020-01-05 20:50:53.196  INFO 6492 --- [main] org.quartz.impl.StdSchedulerFactory      : Quartz scheduler 'quartzScheduler' initialized from an externally provided properties instance.
2020-01-05 20:50:53.197  INFO 6492 --- [main] org.quartz.impl.StdSchedulerFactory      : Quartz scheduler version: 2.3.2
2020-01-05 20:50:53.197  INFO 6492 --- [main] org.quartz.core.QuartzScheduler          : JobFactory set to: org.springframework.scheduling.quartz.SpringBeanJobFactory@1412682c
2020-01-05 20:50:53.239  INFO 6492 --- [main] d.s.w.p.DocumentationPluginsBootstrapper : Context refreshed
2020-01-05 20:50:53.259  INFO 6492 --- [main] d.s.w.p.DocumentationPluginsBootstrapper : Found 1 custom documentation plugin(s)
2020-01-05 20:50:53.297  INFO 6492 --- [main] s.d.s.w.s.ApiListingReferenceScanner     : Scanning for api listing references
2020-01-05 20:50:53.400  INFO 6492 --- [main] o.s.s.quartz.SchedulerFactoryBean        : Starting Quartz Scheduler now
2020-01-05 20:50:53.401  INFO 6492 --- [main] org.quartz.core.QuartzScheduler          : Scheduler quartzScheduler_$_NON_CLUSTERED started.
2020-01-05 20:50:53.442  INFO 6492 --- [main] o.s.b.w.embedded.tomcat.TomcatWebServer  : Tomcat started on port(s): 7081 (http) with context path ''
2020-01-05 20:50:53.446  INFO 6492 --- [main] com.example.pdf.PdfApplication           : Started PdfApplication in 4.16 seconds (JVM running for 5.776)
2020-01-05 20:50:53.448  INFO 6492 --- [main] com.example.pdf.PdfApplication           : PdfApplication started
2020-01-05 20:51:59.938  INFO 6492 --- [http-nio-7081-exec-1] o.a.c.c.C.[Tomcat].[localhost].[/]       : Initializing Spring DispatcherServlet 'dispatcherServlet'
2020-01-05 20:51:59.938  INFO 6492 --- [http-nio-7081-exec-1] o.s.web.servlet.DispatcherServlet        : Initializing Servlet 'dispatcherServlet'
2020-01-05 20:51:59.947  INFO 6492 --- [http-nio-7081-exec-1] o.s.web.servlet.DispatcherServlet        : Completed initialization in 8 ms
2020-01-05 20:52:00.056  INFO 6492 --- [http-nio-7081-exec-2] com.example.pdf.utils.WebSocket          : 现在来连接id：0,编号：2
2020-01-05 20:52:00.056  INFO 6492 --- [http-nio-7081-exec-2] com.example.pdf.utils.WebSocket          : 有新连接加入！1
2020-01-05 20:52:03.578  INFO 6492 --- [http-nio-7081-exec-4] com.example.pdf.utils.WebSocket          : 现在来连接id：1,编号：2
2020-01-05 20:52:03.578  INFO 6492 --- [http-nio-7081-exec-4] com.example.pdf.utils.WebSocket          : 有新连接加入！2
2020-01-05 20:52:17.973  INFO 6492 --- [http-nio-7081-exec-3] com.example.pdf.utils.WebSocket          : 连接数量1
2020-01-05 20:52:18.002  INFO 6492 --- [http-nio-7081-exec-6] com.example.pdf.utils.WebSocket          : 现在来连接id：2,编号：2
2020-01-05 20:52:18.003  INFO 6492 --- [http-nio-7081-exec-6] com.example.pdf.utils.WebSocket          : 有新连接加入！2
2020-01-05 20:59:38.955  INFO 6492 --- [SpringContextShutdownHook] org.quartz.core.QuartzScheduler          : Scheduler quartzScheduler_$_NON_CLUSTERED paused.
2020-01-05 20:59:38.955  INFO 6492 --- [SpringContextShutdownHook] o.s.s.quartz.SchedulerFactoryBean        : Shutting down Quartz Scheduler
2020-01-05 20:59:38.956  INFO 6492 --- [SpringContextShutdownHook] org.quartz.core.QuartzScheduler          : Scheduler quartzScheduler_$_NON_CLUSTERED shutting down.
2020-01-05 20:59:38.957  INFO 6492 --- [SpringContextShutdownHook] org.quartz.core.QuartzScheduler          : Scheduler quartzScheduler_$_NON_CLUSTERED paused.
2020-01-05 20:59:38.958  INFO 6492 --- [SpringContextShutdownHook] org.quartz.core.QuartzScheduler          : Scheduler quartzScheduler_$_NON_CLUSTERED shutdown complete.
2020-01-05 20:59:38.958  INFO 6492 --- [SpringContextShutdownHook] o.s.s.concurrent.ThreadPoolTaskExecutor  : Shutting down ExecutorService 'applicationTaskExecutor'
2020-01-05 20:59:38.976  INFO 6492 --- [SpringContextShutdownHook] com.zaxxer.hikari.HikariDataSource       : HikariPool-1 - Shutdown initiated...
2020-01-05 20:59:38.995  INFO 6492 --- [SpringContextShutdownHook] com.zaxxer.hikari.HikariDataSource       : HikariPool-1 - Shutdown completed.
2020-01-05 20:59:39.507  INFO 6492 --- [SpringContextShutdownHook] com.example.pdf.utils.WebSocket          : 连接数量1
2020-01-05 20:59:39.508  INFO 6492 --- [SpringContextShutdownHook] com.example.pdf.utils.WebSocket          : 连接数量0
2020-01-05 20:59:45.420  INFO 12520 --- [main] com.example.pdf.PdfApplication           : Starting PdfApplication on DESKTOP-0SHPK8A with PID 12520 (D:\lishihao\target\classes started by zhangrenjie in D:\lishihao)
2020-01-05 20:59:45.424  INFO 12520 --- [main] com.example.pdf.PdfApplication           : No active profile set, falling back to default profiles: default
2020-01-05 20:59:46.469  WARN 12520 --- [main] o.m.s.mapper.ClassPathMapperScanner      : Skipping MapperFactoryBean with name 'pdfUserMapper' and 'com.example.pdf.mapper.PdfUserMapper' mapperInterface. Bean already defined with the same name!
2020-01-05 20:59:46.470  WARN 12520 --- [main] o.m.s.mapper.ClassPathMapperScanner      : No MyBatis mapper was found in '[com.example.pdf.mapper]' package. Please check your configuration.
2020-01-05 20:59:46.921  INFO 12520 --- [main] trationDelegate$BeanPostProcessorChecker : Bean 'org.springframework.transaction.annotation.ProxyTransactionManagementConfiguration' of type [org.springframework.transaction.annotation.ProxyTransactionManagementConfiguration] is not eligible for getting processed by all BeanPostProcessors (for example: not eligible for auto-proxying)
2020-01-05 20:59:47.177  INFO 12520 --- [main] o.s.b.w.embedded.tomcat.TomcatWebServer  : Tomcat initialized with port(s): 7081 (http)
2020-01-05 20:59:47.188  INFO 12520 --- [main] o.apache.catalina.core.StandardService   : Starting service [Tomcat]
2020-01-05 20:59:47.188  INFO 12520 --- [main] org.apache.catalina.core.StandardEngine  : Starting Servlet engine: [Apache Tomcat/9.0.27]
2020-01-05 20:59:47.300  INFO 12520 --- [main] o.a.c.c.C.[Tomcat].[localhost].[/]       : Initializing Spring embedded WebApplicationContext
2020-01-05 20:59:47.300  INFO 12520 --- [main] o.s.web.context.ContextLoader            : Root WebApplicationContext: initialization completed in 1795 ms
2020-01-05 20:59:47.542  INFO 12520 --- [main] com.zaxxer.hikari.HikariDataSource       : HikariPool-1 - Starting...
2020-01-05 20:59:47.679  INFO 12520 --- [main] com.zaxxer.hikari.HikariDataSource       : HikariPool-1 - Start completed.
2020-01-05 20:59:48.295  INFO 12520 --- [main] pertySourcedRequestMappingHandlerMapping : Mapped URL path [/v2/api-docs] onto method [springfox.documentation.swagger2.web.Swagger2Controller#getDocumentation(String, HttpServletRequest)]
2020-01-05 20:59:48.385  INFO 12520 --- [main] o.s.s.concurrent.ThreadPoolTaskExecutor  : Initializing ExecutorService 'applicationTaskExecutor'
2020-01-05 20:59:48.605  INFO 12520 --- [main] org.quartz.impl.StdSchedulerFactory      : Using default implementation for ThreadExecutor
2020-01-05 20:59:48.619  INFO 12520 --- [main] org.quartz.core.SchedulerSignalerImpl    : Initialized Scheduler Signaller of type: class org.quartz.core.SchedulerSignalerImpl
2020-01-05 20:59:48.619  INFO 12520 --- [main] org.quartz.core.QuartzScheduler          : Quartz Scheduler v.2.3.2 created.
2020-01-05 20:59:48.620  INFO 12520 --- [main] org.quartz.simpl.RAMJobStore             : RAMJobStore initialized.
2020-01-05 20:59:48.621  INFO 12520 --- [main] org.quartz.core.QuartzScheduler          : Scheduler meta-data: Quartz Scheduler (v2.3.2) 'quartzScheduler' with instanceId 'NON_CLUSTERED'
  Scheduler class: 'org.quartz.core.QuartzScheduler' - running locally.
  NOT STARTED.
  Currently in standby mode.
  Number of jobs executed: 0
  Using thread pool 'org.quartz.simpl.SimpleThreadPool' - with 10 threads.
  Using job-store 'org.quartz.simpl.RAMJobStore' - which does not support persistence. and is not clustered.

2020-01-05 20:59:48.621  INFO 12520 --- [main] org.quartz.impl.StdSchedulerFactory      : Quartz scheduler 'quartzScheduler' initialized from an externally provided properties instance.
2020-01-05 20:59:48.622  INFO 12520 --- [main] org.quartz.impl.StdSchedulerFactory      : Quartz scheduler version: 2.3.2
2020-01-05 20:59:48.622  INFO 12520 --- [main] org.quartz.core.QuartzScheduler          : JobFactory set to: org.springframework.scheduling.quartz.SpringBeanJobFactory@5e69cf07
2020-01-05 20:59:48.668  INFO 12520 --- [main] d.s.w.p.DocumentationPluginsBootstrapper : Context refreshed
2020-01-05 20:59:48.690  INFO 12520 --- [main] d.s.w.p.DocumentationPluginsBootstrapper : Found 1 custom documentation plugin(s)
2020-01-05 20:59:48.739  INFO 12520 --- [main] s.d.s.w.s.ApiListingReferenceScanner     : Scanning for api listing references
2020-01-05 20:59:48.848  INFO 12520 --- [main] o.s.s.quartz.SchedulerFactoryBean        : Starting Quartz Scheduler now
2020-01-05 20:59:48.848  INFO 12520 --- [main] org.quartz.core.QuartzScheduler          : Scheduler quartzScheduler_$_NON_CLUSTERED started.
2020-01-05 20:59:48.891  INFO 12520 --- [main] o.s.b.w.embedded.tomcat.TomcatWebServer  : Tomcat started on port(s): 7081 (http) with context path ''
2020-01-05 20:59:48.895  INFO 12520 --- [main] com.example.pdf.PdfApplication           : Started PdfApplication in 4.158 seconds (JVM running for 5.472)
2020-01-05 20:59:48.897  INFO 12520 --- [main] com.example.pdf.PdfApplication           : PdfApplication started
